<component name="libraryTable">
  <library name="junit-jupiter-api-5.5.2">
    <CLASSES>
      <root url="jar://$PROJECT_DIR$/libs/junit-jupiter-api-5.5.2.jar!/" />
      <root url="jar://$PROJECT_DIR$/libs/junit-platform-commons-1.5.2.jar!/" />
      <root url="jar://$PROJECT_DIR$/libs/hamcrest-2.1.jar!/" />
    </CLASSES>
    <JAVADOC />
    <SOURCES />
  </library>
</component>