<?xml version="1.0" encoding="UTF-8"?>
<testsuite name="kr.ac.jejunu.user.UserDaoTests" tests="4" skipped="0" failures="0" errors="0" timestamp="2020-05-22T09:41:47" hostname="jinoo-PC" time="0.854">
  <properties/>
  <testcase name="delete()" classname="kr.ac.jejunu.user.UserDaoTests" time="0.749"/>
  <testcase name="insert()" classname="kr.ac.jejunu.user.UserDaoTests" time="0.04"/>
  <testcase name="update()" classname="kr.ac.jejunu.user.UserDaoTests" time="0.049"/>
  <testcase name="get()" classname="kr.ac.jejunu.user.UserDaoTests" time="0.013"/>
  <system-out><![CDATA[]]></system-out>
  <system-err><![CDATA[]]></system-err>
</testsuite>
