<?xml version="1.0" encoding="UTF-8"?>
<testsuite name="kr.ac.jejunu.user.UserDaoTests" tests="4" skipped="0" failures="0" errors="0" timestamp="2020-05-15T11:46:30" hostname="jinoo-PC" time="0.985">
  <properties/>
  <testcase name="delete()" classname="kr.ac.jejunu.user.UserDaoTests" time="0.867"/>
  <testcase name="insert()" classname="kr.ac.jejunu.user.UserDaoTests" time="0.051"/>
  <testcase name="update()" classname="kr.ac.jejunu.user.UserDaoTests" time="0.047"/>
  <testcase name="get()" classname="kr.ac.jejunu.user.UserDaoTests" time="0.017"/>
  <system-out><![CDATA[]]></system-out>
  <system-err><![CDATA[]]></system-err>
</testsuite>
